<?xml version="1.0" encoding="UTF-8"?>
<!-- Generated by org.testng.reporters.JUnitReportReporter -->
<testsuite hostname="SarthakDell" failures="0" tests="1" name="com.tutorialsNinja.TestCases.SearchProductTest" time="6.065" errors="0" timestamp="2024-10-02T21:08:45 EDT" skipped="0">
  <testcase classname="com.tutorialsNinja.TestCases.SearchProductTest" name="searchWithNoProduct" time="6.065"/>
</testsuite> <!-- com.tutorialsNinja.TestCases.SearchProductTest -->
