<?xml version="1.0" encoding="UTF-8"?>
<!-- Generated by org.testng.reporters.JUnitReportReporter -->
<testsuite hostname="SarthakDell" failures="0" tests="1" name="com.tutorialsNinja.TestCases.RegisterTest" time="6.403" errors="0" timestamp="2024-10-02T20:56:07 EDT" skipped="0">
  <testcase classname="com.tutorialsNinja.TestCases.RegisterTest" name="verifyRegisterWithNoDetails" time="6.403"/>
</testsuite> <!-- com.tutorialsNinja.TestCases.RegisterTest -->
