<?xml version="1.0" encoding="UTF-8"?>
<!-- Generated by org.testng.reporters.JUnitReportReporter -->
<testsuite hostname="SarthakDell" failures="0" tests="5" name="com.tutorialsNinja.TestCases.LoginTest" time="25.587" errors="0" timestamp="2024-10-08T20:32:03 EDT" skipped="1">
  <testcase classname="com.tutorialsNinja.TestCases.LoginTest" name="verifyLoginWithValidEmailInvalidPassword" time="5.987"/>
  <testcase classname="com.tutorialsNinja.TestCases.LoginTest" name="verifyLoginWithInvalidEmailValidPassword" time="6.287"/>
  <testcase classname="com.tutorialsNinja.TestCases.LoginTest" name="verifyLoginWithInvalidCredentials" time="7.450"/>
  <testcase classname="com.tutorialsNinja.TestCases.LoginTest" name="verifyLoginWithNoCredentials" time="5.863"/>
  <testcase classname="com.tutorialsNinja.TestCases.LoginTest" name="verifyLoginWithValidCredentials">
    <skipped/>
  </testcase> <!-- verifyLoginWithValidCredentials -->
</testsuite> <!-- com.tutorialsNinja.TestCases.LoginTest -->
