<?xml version="1.0" encoding="UTF-8"?>
<!-- Generated by org.testng.reporters.JUnitReportReporter -->
<testsuite hostname="Allaoua" failures="0" tests="5" name="com.tutorialsNinja.TestCases.LoginTest" time="40.666" errors="0" timestamp="2024-10-16T18:03:46 EDT" skipped="1">
  <testcase classname="com.tutorialsNinja.TestCases.LoginTest" name="verifyLoginWithValidEmailInvalidPassword" time="12.485"/>
  <testcase classname="com.tutorialsNinja.TestCases.LoginTest" name="verifyLoginWithInvalidEmailValidPassword" time="8.219"/>
  <testcase classname="com.tutorialsNinja.TestCases.LoginTest" name="verifyLoginWithInvalidCredentials" time="11.245"/>
  <testcase classname="com.tutorialsNinja.TestCases.LoginTest" name="verifyLoginWithNoCredentials" time="8.717"/>
  <testcase classname="com.tutorialsNinja.TestCases.LoginTest" name="verifyLoginWithValidCredentials">
    <skipped/>
  </testcase> <!-- verifyLoginWithValidCredentials -->
</testsuite> <!-- com.tutorialsNinja.TestCases.LoginTest -->
