<?xml version="1.0" encoding="UTF-8"?>
<!-- Generated by org.testng.reporters.JUnitReportReporter -->
<testsuite hostname="SarthakDell" failures="0" tests="1" name="com.tutorialsNinja.TestCases.LoginTest" time="6.415" errors="0" timestamp="2024-10-02T21:19:32 EDT" skipped="0">
  <testcase classname="com.tutorialsNinja.TestCases.LoginTest" name="verifyLoginWithValidEmailInvalidPassword" time="6.415"/>
</testsuite> <!-- com.tutorialsNinja.TestCases.LoginTest -->
