<?xml version="1.0" encoding="UTF-8"?>
<!-- Generated by org.testng.reporters.JUnitReportReporter -->
<testsuite hostname="SarthakDell" failures="0" tests="5" name="com.tutorialsNinja.TestCases.RegisterTest" time="19.460" errors="0" timestamp="2024-10-08T20:35:25 EDT" skipped="2">
  <testcase classname="com.tutorialsNinja.TestCases.RegisterTest" name="verifyRegisterWithExistingEmail" time="7.056"/>
  <testcase classname="com.tutorialsNinja.TestCases.RegisterTest" name="verifyRegisterWithIncorrectConfirmPassword" time="6.964"/>
  <testcase classname="com.tutorialsNinja.TestCases.RegisterTest" name="verifyRegisterWithNoDetails" time="5.440"/>
  <testcase classname="com.tutorialsNinja.TestCases.RegisterTest" name="verifyRegisterWithAllDetails">
    <skipped/>
  </testcase> <!-- verifyRegisterWithAllDetails -->
  <testcase classname="com.tutorialsNinja.TestCases.RegisterTest" name="verifyRegisterWithMandatoryDetails">
    <skipped/>
  </testcase> <!-- verifyRegisterWithMandatoryDetails -->
</testsuite> <!-- com.tutorialsNinja.TestCases.RegisterTest -->
